<?xml version="1.0" encoding="UTF-8"?>
<testng-results skipped="0" failed="0" ignored="0" total="8" passed="8">
  <reporter-output>
  </reporter-output>
  <suite name="Default suite" duration-ms="26043" started-at="2022-01-02T11:51:37Z" finished-at="2022-01-02T11:52:03Z">
    <groups>
      <group name="cucumber">
        <method signature="AbstractTestNGCucumberTests.runScenario(io.cucumber.testng.PickleWrapper, io.cucumber.testng.FeatureWrapper)[pri:0, instance:runner.RunTest@3b4ef7]" name="runScenario" class="io.cucumber.testng.AbstractTestNGCucumberTests"/>
      </group> <!-- cucumber -->
    </groups>
    <test name="Default test" duration-ms="26043" started-at="2022-01-02T11:51:37Z" finished-at="2022-01-02T11:52:03Z">
      <class name="runner.RunTest">
        <test-method status="PASS" signature="setUpClass()[pri:0, instance:runner.RunTest@3b4ef7]" name="setUpClass" is-config="true" duration-ms="1573" started-at="2022-01-02T11:51:37Z" finished-at="2022-01-02T11:51:39Z">
          <reporter-output>
          </reporter-output>
        </test-method> <!-- setUpClass -->
        <test-method status="PASS" signature="runScenario(io.cucumber.testng.PickleWrapper, io.cucumber.testng.FeatureWrapper)[pri:0, instance:runner.RunTest@3b4ef7]" name="runScenario" duration-ms="15953" started-at="2022-01-02T11:51:39Z" description="Runs Cucumber Scenarios" data-provider="scenarios" finished-at="2022-01-02T11:51:55Z">
          <params>
            <param index="0">
              <value>
                <![CDATA["Create a new contact with details"]]>
              </value>
            </param>
            <param index="1">
              <value>
                <![CDATA["Create New Contact"]]>
              </value>
            </param>
          </params>
          <reporter-output>
          </reporter-output>
        </test-method> <!-- runScenario -->
        <test-method status="PASS" signature="runScenario(io.cucumber.testng.PickleWrapper, io.cucumber.testng.FeatureWrapper)[pri:0, instance:runner.RunTest@3b4ef7]" name="runScenario" duration-ms="1125" started-at="2022-01-02T11:51:55Z" description="Runs Cucumber Scenarios" data-provider="scenarios" finished-at="2022-01-02T11:51:56Z">
          <params>
            <param index="0">
              <value>
                <![CDATA["Update an existing contact with details"]]>
              </value>
            </param>
            <param index="1">
              <value>
                <![CDATA["Create New Contact"]]>
              </value>
            </param>
          </params>
          <reporter-output>
          </reporter-output>
        </test-method> <!-- runScenario -->
        <test-method status="PASS" signature="runScenario(io.cucumber.testng.PickleWrapper, io.cucumber.testng.FeatureWrapper)[pri:0, instance:runner.RunTest@3b4ef7]" name="runScenario" duration-ms="1145" started-at="2022-01-02T11:51:56Z" description="Runs Cucumber Scenarios" data-provider="scenarios" finished-at="2022-01-02T11:51:57Z">
          <params>
            <param index="0">
              <value>
                <![CDATA["Delete an existing contact with details"]]>
              </value>
            </param>
            <param index="1">
              <value>
                <![CDATA["Create New Contact"]]>
              </value>
            </param>
          </params>
          <reporter-output>
          </reporter-output>
        </test-method> <!-- runScenario -->
        <test-method status="PASS" signature="runScenario(io.cucumber.testng.PickleWrapper, io.cucumber.testng.FeatureWrapper)[pri:0, instance:runner.RunTest@3b4ef7]" name="runScenario" duration-ms="972" started-at="2022-01-02T11:51:57Z" description="Runs Cucumber Scenarios" data-provider="scenarios" finished-at="2022-01-02T11:51:58Z">
          <params>
            <param index="0">
              <value>
                <![CDATA["Verify contact deleted"]]>
              </value>
            </param>
            <param index="1">
              <value>
                <![CDATA["Create New Contact"]]>
              </value>
            </param>
          </params>
          <reporter-output>
          </reporter-output>
        </test-method> <!-- runScenario -->
        <test-method status="PASS" signature="runScenario(io.cucumber.testng.PickleWrapper, io.cucumber.testng.FeatureWrapper)[pri:0, instance:runner.RunTest@3b4ef7]" name="runScenario" duration-ms="1320" started-at="2022-01-02T11:51:58Z" description="Runs Cucumber Scenarios" data-provider="scenarios" finished-at="2022-01-02T11:51:59Z">
          <params>
            <param index="0">
              <value>
                <![CDATA["Create a new Lead with details"]]>
              </value>
            </param>
            <param index="1">
              <value>
                <![CDATA["Create New Lead"]]>
              </value>
            </param>
          </params>
          <reporter-output>
          </reporter-output>
        </test-method> <!-- runScenario -->
        <test-method status="PASS" signature="runScenario(io.cucumber.testng.PickleWrapper, io.cucumber.testng.FeatureWrapper)[pri:0, instance:runner.RunTest@3b4ef7]" name="runScenario" duration-ms="1148" started-at="2022-01-02T11:51:59Z" description="Runs Cucumber Scenarios" data-provider="scenarios" finished-at="2022-01-02T11:52:00Z">
          <params>
            <param index="0">
              <value>
                <![CDATA["Update an existing Lead with details"]]>
              </value>
            </param>
            <param index="1">
              <value>
                <![CDATA["Create New Lead"]]>
              </value>
            </param>
          </params>
          <reporter-output>
          </reporter-output>
        </test-method> <!-- runScenario -->
        <test-method status="PASS" signature="runScenario(io.cucumber.testng.PickleWrapper, io.cucumber.testng.FeatureWrapper)[pri:0, instance:runner.RunTest@3b4ef7]" name="runScenario" duration-ms="1159" started-at="2022-01-02T11:52:00Z" description="Runs Cucumber Scenarios" data-provider="scenarios" finished-at="2022-01-02T11:52:02Z">
          <params>
            <param index="0">
              <value>
                <![CDATA["Delete an existing Lead with details"]]>
              </value>
            </param>
            <param index="1">
              <value>
                <![CDATA["Create New Lead"]]>
              </value>
            </param>
          </params>
          <reporter-output>
          </reporter-output>
        </test-method> <!-- runScenario -->
        <test-method status="PASS" signature="runScenario(io.cucumber.testng.PickleWrapper, io.cucumber.testng.FeatureWrapper)[pri:0, instance:runner.RunTest@3b4ef7]" name="runScenario" duration-ms="1204" started-at="2022-01-02T11:52:02Z" description="Runs Cucumber Scenarios" data-provider="scenarios" finished-at="2022-01-02T11:52:03Z">
          <params>
            <param index="0">
              <value>
                <![CDATA["Verify Lead deleted"]]>
              </value>
            </param>
            <param index="1">
              <value>
                <![CDATA["Create New Lead"]]>
              </value>
            </param>
          </params>
          <reporter-output>
          </reporter-output>
        </test-method> <!-- runScenario -->
        <test-method status="PASS" signature="tearDownClass()[pri:0, instance:runner.RunTest@3b4ef7]" name="tearDownClass" is-config="true" duration-ms="9" started-at="2022-01-02T11:52:03Z" finished-at="2022-01-02T11:52:03Z">
          <reporter-output>
          </reporter-output>
        </test-method> <!-- tearDownClass -->
      </class> <!-- runner.RunTest -->
    </test> <!-- Default test -->
  </suite> <!-- Default suite -->
</testng-results>
