<?xml version="1.0" encoding="UTF-8"?>
<testng-results skipped="0" failed="0" ignored="0" total="4" passed="4">
  <reporter-output>
  </reporter-output>
  <suite name="Default suite" duration-ms="19063" started-at="2022-01-02T11:06:38Z" finished-at="2022-01-02T11:06:57Z">
    <groups>
      <group name="cucumber">
        <method signature="AbstractTestNGCucumberTests.runScenario(io.cucumber.testng.PickleWrapper, io.cucumber.testng.FeatureWrapper)[pri:0, instance:runner.RunTest@17f9344b]" name="runScenario" class="io.cucumber.testng.AbstractTestNGCucumberTests"/>
      </group> <!-- cucumber -->
    </groups>
    <test name="Default test" duration-ms="19063" started-at="2022-01-02T11:06:38Z" finished-at="2022-01-02T11:06:57Z">
      <class name="runner.RunTest">
        <test-method status="PASS" signature="setUpClass()[pri:0, instance:runner.RunTest@17f9344b]" name="setUpClass" is-config="true" duration-ms="3009" started-at="2022-01-02T11:06:38Z" finished-at="2022-01-02T11:06:41Z">
          <reporter-output>
          </reporter-output>
        </test-method> <!-- setUpClass -->
        <test-method status="PASS" signature="runScenario(io.cucumber.testng.PickleWrapper, io.cucumber.testng.FeatureWrapper)[pri:0, instance:runner.RunTest@17f9344b]" name="runScenario" duration-ms="12271" started-at="2022-01-02T11:06:41Z" description="Runs Cucumber Scenarios" data-provider="scenarios" finished-at="2022-01-02T11:06:54Z">
          <params>
            <param index="0">
              <value>
                <![CDATA["Create a new contact with details"]]>
              </value>
            </param>
            <param index="1">
              <value>
                <![CDATA["Create New Contact"]]>
              </value>
            </param>
          </params>
          <reporter-output>
          </reporter-output>
        </test-method> <!-- runScenario -->
        <test-method status="PASS" signature="runScenario(io.cucumber.testng.PickleWrapper, io.cucumber.testng.FeatureWrapper)[pri:0, instance:runner.RunTest@17f9344b]" name="runScenario" duration-ms="1048" started-at="2022-01-02T11:06:54Z" description="Runs Cucumber Scenarios" data-provider="scenarios" finished-at="2022-01-02T11:06:55Z">
          <params>
            <param index="0">
              <value>
                <![CDATA["Update an existing contact with details"]]>
              </value>
            </param>
            <param index="1">
              <value>
                <![CDATA["Create New Contact"]]>
              </value>
            </param>
          </params>
          <reporter-output>
          </reporter-output>
        </test-method> <!-- runScenario -->
        <test-method status="PASS" signature="runScenario(io.cucumber.testng.PickleWrapper, io.cucumber.testng.FeatureWrapper)[pri:0, instance:runner.RunTest@17f9344b]" name="runScenario" duration-ms="1181" started-at="2022-01-02T11:06:55Z" description="Runs Cucumber Scenarios" data-provider="scenarios" finished-at="2022-01-02T11:06:56Z">
          <params>
            <param index="0">
              <value>
                <![CDATA["Delete an existing contact with details"]]>
              </value>
            </param>
            <param index="1">
              <value>
                <![CDATA["Create New Contact"]]>
              </value>
            </param>
          </params>
          <reporter-output>
          </reporter-output>
        </test-method> <!-- runScenario -->
        <test-method status="PASS" signature="runScenario(io.cucumber.testng.PickleWrapper, io.cucumber.testng.FeatureWrapper)[pri:0, instance:runner.RunTest@17f9344b]" name="runScenario" duration-ms="1281" started-at="2022-01-02T11:06:56Z" description="Runs Cucumber Scenarios" data-provider="scenarios" finished-at="2022-01-02T11:06:57Z">
          <params>
            <param index="0">
              <value>
                <![CDATA["Verify contact deleted"]]>
              </value>
            </param>
            <param index="1">
              <value>
                <![CDATA["Create New Contact"]]>
              </value>
            </param>
          </params>
          <reporter-output>
          </reporter-output>
        </test-method> <!-- runScenario -->
        <test-method status="PASS" signature="tearDownClass()[pri:0, instance:runner.RunTest@17f9344b]" name="tearDownClass" is-config="true" duration-ms="18" started-at="2022-01-02T11:06:57Z" finished-at="2022-01-02T11:06:57Z">
          <reporter-output>
          </reporter-output>
        </test-method> <!-- tearDownClass -->
      </class> <!-- runner.RunTest -->
    </test> <!-- Default test -->
  </suite> <!-- Default suite -->
</testng-results>
